d:\watercolor\watercolor\watercolor\debug\vc120.pdb
d:\watercolor\watercolor\watercolor\debug\vc120.idb
d:\watercolor\watercolor\watercolor\debug\abstraction.obj
d:\watercolor\watercolor\watercolor\debug\coloradjustment.obj
d:\watercolor\watercolor\watercolor\debug\edgedarkening.obj
d:\watercolor\watercolor\watercolor\debug\granulation.obj
d:\watercolor\watercolor\watercolor\debug\handtremoreffect.obj
d:\watercolor\watercolor\watercolor\debug\main.obj
d:\watercolor\watercolor\watercolor\debug\pigmentvariation.obj
d:\watercolor\watercolor\watercolor\debug\saliencydistance.obj
d:\watercolor\watercolor\watercolor\debug\turblenceflow.obj
d:\watercolor\watercolor\watercolor\debug\watercolor.obj
d:\watercolor\watercolor\watercolor\debug\wetinwet.obj
d:\watercolor\watercolor\watercolor\debug\toolbox.obj
d:\watercolor\watercolor\debug\watercolor.pdb
d:\watercolor\watercolor\watercolor\debug\watercolor.tlog\cl.command.1.tlog
d:\watercolor\watercolor\watercolor\debug\watercolor.tlog\cl.read.1.tlog
d:\watercolor\watercolor\watercolor\debug\watercolor.tlog\cl.write.1.tlog
d:\watercolor\watercolor\watercolor\debug\watercolor.tlog\link-cvtres.read.1.tlog
d:\watercolor\watercolor\watercolor\debug\watercolor.tlog\link-cvtres.write.1.tlog
d:\watercolor\watercolor\watercolor\debug\watercolor.tlog\link-rc.read.1.tlog
d:\watercolor\watercolor\watercolor\debug\watercolor.tlog\link-rc.write.1.tlog
d:\watercolor\watercolor\watercolor\debug\watercolor.tlog\link.828-cvtres.read.1.tlog
d:\watercolor\watercolor\watercolor\debug\watercolor.tlog\link.828-cvtres.write.1.tlog
d:\watercolor\watercolor\watercolor\debug\watercolor.tlog\link.828-rc.read.1.tlog
d:\watercolor\watercolor\watercolor\debug\watercolor.tlog\link.828-rc.write.1.tlog
d:\watercolor\watercolor\watercolor\debug\watercolor.tlog\link.828.read.1.tlog
d:\watercolor\watercolor\watercolor\debug\watercolor.tlog\link.828.write.1.tlog
d:\watercolor\watercolor\watercolor\debug\watercolor.tlog\link.command.1.tlog
d:\watercolor\watercolor\watercolor\debug\watercolor.tlog\link.read.1.tlog
d:\watercolor\watercolor\watercolor\debug\watercolor.tlog\link.write.1.tlog
