生成启动时间为 2015/9/1 16:19:19。
     1>项目“D:\waterColor\waterColor\waterColor\waterColor.vcxproj”在节点 2 上(Build 个目标)。
     1>ClCompile:
         C:\Program Files (x86)\Microsoft Visual Studio 12.0\VC\bin\CL.exe /c /ZI /nologo /W3 /WX- /sdl /Od /Oy- /D _CRT_SECURE_NO_WARNINGS /D _MBCS /Gm /EHsc /RTC1 /MDd /GS /fp:precise /Zc:wchar_t /Zc:forScope /Fo"Debug\\" /Fd"Debug\vc120.pdb" /Gd /TP /analyze- /errorReport:prompt Abstraction.cpp ColorAdjustment.cpp Debug.cpp EdgeDarkening.cpp Granulation.cpp HandTremorEffect.cpp include\geometry\Geometry.cpp include\meanshift\MeanShift.cpp main.cpp PigmentVariation.cpp SaliencyDistance.cpp ToolBox.cpp TurblenceFlow.cpp WaterColor.cpp WetInWet.cpp
         WetInWet.cpp
         WaterColor.cpp
         TurblenceFlow.cpp
         ToolBox.cpp
         SaliencyDistance.cpp
     1>d:\watercolor\watercolor\watercolor\saliencydistance.cpp(54): warning C4244: “参数”: 从“double”转换到“int”，可能丢失数据
     1>d:\watercolor\watercolor\watercolor\saliencydistance.cpp(88): warning C4244: “参数”: 从“double”转换到“int”，可能丢失数据
         PigmentVariation.cpp
         main.cpp
         MeanShift.cpp
         Geometry.cpp
         HandTremorEffect.cpp
         Granulation.cpp
         EdgeDarkening.cpp
         Debug.cpp
         ColorAdjustment.cpp
         Abstraction.cpp
         正在生成代码...
       Link:
         C:\Program Files (x86)\Microsoft Visual Studio 12.0\VC\bin\link.exe /ERRORREPORT:PROMPT /OUT:"D:\waterColor\waterColor\Debug\waterColor.exe" /INCREMENTAL /NOLOGO opencv_ml2411d.lib opencv_calib3d2411d.lib opencv_contrib2411d.lib opencv_core2411d.lib opencv_features2d2411d.lib opencv_flann2411d.lib opencv_gpu2411d.lib opencv_highgui2411d.lib opencv_imgproc2411d.lib opencv_legacy2411d.lib opencv_objdetect2411d.lib opencv_ts2411d.lib opencv_video2411d.lib opencv_nonfree2411d.lib opencv_ocl2411d.lib opencv_photo2411d.lib opencv_stitching2411d.lib opencv_superres2411d.lib opencv_videostab2411d.lib kernel32.lib user32.lib gdi32.lib winspool.lib comdlg32.lib advapi32.lib shell32.lib ole32.lib oleaut32.lib uuid.lib odbc32.lib odbccp32.lib /MANIFEST /MANIFESTUAC:"level='asInvoker' uiAccess='false'" /manifest:embed /DEBUG /PDB:"D:\waterColor\waterColor\Debug\waterColor.pdb" /TLBID:1 /DYNAMICBASE /NXCOMPAT /IMPLIB:"D:\waterColor\waterColor\Debug\waterColor.lib" /MACHINE:X86 Debug\Abstraction.obj
         Debug\ColorAdjustment.obj
         Debug\Debug.obj
         Debug\EdgeDarkening.obj
         Debug\Granulation.obj
         Debug\HandTremorEffect.obj
         Debug\Geometry.obj
         Debug\MeanShift.obj
         Debug\main.obj
         Debug\PigmentVariation.obj
         Debug\SaliencyDistance.obj
         Debug\ToolBox.obj
         Debug\TurblenceFlow.obj
         Debug\WaterColor.obj
         Debug\WetInWet.obj
         waterColor.vcxproj -> D:\waterColor\waterColor\Debug\waterColor.exe
     1>已完成生成项目“D:\waterColor\waterColor\waterColor\waterColor.vcxproj”(Build 个目标)的操作。

生成成功。

已用时间 00:00:10.36
