d:\work\sensetime\watercolor\watercolor\watercolor\watercolor\release\vc120.pdb
d:\work\sensetime\watercolor\watercolor\watercolor\watercolor\release\wetinwet.obj
d:\work\sensetime\watercolor\watercolor\watercolor\watercolor\release\watercolor.obj
d:\work\sensetime\watercolor\watercolor\watercolor\watercolor\release\turblenceflow.obj
d:\work\sensetime\watercolor\watercolor\watercolor\watercolor\release\toolbox.obj
d:\work\sensetime\watercolor\watercolor\watercolor\watercolor\release\saliencydistance.obj
d:\work\sensetime\watercolor\watercolor\watercolor\watercolor\release\pigmentvariation.obj
d:\work\sensetime\watercolor\watercolor\watercolor\watercolor\release\main.obj
d:\work\sensetime\watercolor\watercolor\watercolor\watercolor\release\meanshift.obj
d:\work\sensetime\watercolor\watercolor\watercolor\watercolor\release\geometry.obj
d:\work\sensetime\watercolor\watercolor\watercolor\watercolor\release\handtremoreffect.obj
d:\work\sensetime\watercolor\watercolor\watercolor\watercolor\release\granulation.obj
d:\work\sensetime\watercolor\watercolor\watercolor\watercolor\release\edgedarkening.obj
d:\work\sensetime\watercolor\watercolor\watercolor\watercolor\release\debug.obj
d:\work\sensetime\watercolor\watercolor\watercolor\watercolor\release\coloradjustment.obj
d:\work\sensetime\watercolor\watercolor\watercolor\watercolor\release\abstraction.obj
d:\work\sensetime\watercolor\watercolor\watercolor\release\watercolor.exe
d:\work\sensetime\watercolor\watercolor\watercolor\release\watercolor.pdb
d:\work\sensetime\watercolor\watercolor\watercolor\watercolor\release\watercolor.tlog\cl.command.1.tlog
d:\work\sensetime\watercolor\watercolor\watercolor\watercolor\release\watercolor.tlog\cl.read.1.tlog
d:\work\sensetime\watercolor\watercolor\watercolor\watercolor\release\watercolor.tlog\cl.write.1.tlog
d:\work\sensetime\watercolor\watercolor\watercolor\watercolor\release\watercolor.tlog\link.command.1.tlog
d:\work\sensetime\watercolor\watercolor\watercolor\watercolor\release\watercolor.tlog\link.read.1.tlog
d:\work\sensetime\watercolor\watercolor\watercolor\watercolor\release\watercolor.tlog\link.write.1.tlog
